2020-06-18 10:47:38 INFO  [restartedMain]  com.xhb.blog.BlogApplication - Starting BlogApplication on LAPTOP-GSEBM096 with PID 12776 (D:\workspace\Idea-Workspace\blog\target\classes started by 14843 in D:\workspace\Idea-Workspace\blog)
2020-06-18 10:47:38 INFO  [restartedMain]  com.xhb.blog.BlogApplication - No active profile set, falling back to default profiles: default
2020-06-18 10:47:38 INFO  [restartedMain]  o.s.b.d.e.DevToolsPropertyDefaultsPostProcessor - Devtools property defaults active! Set 'spring.devtools.add-properties' to 'false' to disable
2020-06-18 10:47:38 INFO  [restartedMain]  o.s.b.d.e.DevToolsPropertyDefaultsPostProcessor - For additional web related logging consider setting the 'logging.level.web' property to 'DEBUG'
2020-06-18 10:47:43 INFO  [restartedMain]  o.s.c.s.PostProcessorRegistrationDelegate$BeanPostProcessorChecker - Bean 'shiroConfig' of type [com.xhb.blog.config.ShiroConfig$$EnhancerBySpringCGLIB$$2eae8565] is not eligible for getting processed by all BeanPostProcessors (for example: not eligible for auto-proxying)
2020-06-18 10:47:47 INFO  [restartedMain]  o.s.c.s.PostProcessorRegistrationDelegate$BeanPostProcessorChecker - Bean 'hashedCredentialsMatcher' of type [org.apache.shiro.authc.credential.HashedCredentialsMatcher] is not eligible for getting processed by all BeanPostProcessors (for example: not eligible for auto-proxying)
2020-06-18 10:47:47 INFO  [restartedMain]  o.s.c.s.PostProcessorRegistrationDelegate$BeanPostProcessorChecker - Bean 'mybatis-org.mybatis.spring.boot.autoconfigure.MybatisProperties' of type [org.mybatis.spring.boot.autoconfigure.MybatisProperties] is not eligible for getting processed by all BeanPostProcessors (for example: not eligible for auto-proxying)
2020-06-18 10:47:47 INFO  [restartedMain]  o.s.c.s.PostProcessorRegistrationDelegate$BeanPostProcessorChecker - Bean 'org.mybatis.spring.boot.autoconfigure.MybatisAutoConfiguration' of type [org.mybatis.spring.boot.autoconfigure.MybatisAutoConfiguration$$EnhancerBySpringCGLIB$$c091a7c6] is not eligible for getting processed by all BeanPostProcessors (for example: not eligible for auto-proxying)
2020-06-18 10:47:47 INFO  [restartedMain]  o.s.c.s.PostProcessorRegistrationDelegate$BeanPostProcessorChecker - Bean 'blogApplication' of type [com.xhb.blog.BlogApplication$$EnhancerBySpringCGLIB$$b11c4306] is not eligible for getting processed by all BeanPostProcessors (for example: not eligible for auto-proxying)
2020-06-18 10:47:47 INFO  [restartedMain]  o.s.c.s.PostProcessorRegistrationDelegate$BeanPostProcessorChecker - Bean 'druid' of type [com.alibaba.druid.pool.DruidDataSource] is not eligible for getting processed by all BeanPostProcessors (for example: not eligible for auto-proxying)
2020-06-18 10:47:47 INFO  [restartedMain]  o.s.c.s.PostProcessorRegistrationDelegate$BeanPostProcessorChecker - Bean 'spring.datasource-org.springframework.boot.autoconfigure.jdbc.DataSourceProperties' of type [org.springframework.boot.autoconfigure.jdbc.DataSourceProperties] is not eligible for getting processed by all BeanPostProcessors (for example: not eligible for auto-proxying)
2020-06-18 10:47:47 INFO  [restartedMain]  o.s.c.s.PostProcessorRegistrationDelegate$BeanPostProcessorChecker - Bean 'org.springframework.boot.autoconfigure.jdbc.DataSourceInitializerInvoker' of type [org.springframework.boot.autoconfigure.jdbc.DataSourceInitializerInvoker] is not eligible for getting processed by all BeanPostProcessors (for example: not eligible for auto-proxying)
2020-06-18 10:47:48 INFO  [restartedMain]  o.s.c.s.PostProcessorRegistrationDelegate$BeanPostProcessorChecker - Bean 'sqlSessionFactory' of type [org.apache.ibatis.session.defaults.DefaultSqlSessionFactory] is not eligible for getting processed by all BeanPostProcessors (for example: not eligible for auto-proxying)
2020-06-18 10:47:48 INFO  [restartedMain]  o.s.c.s.PostProcessorRegistrationDelegate$BeanPostProcessorChecker - Bean 'sqlSessionTemplate' of type [org.mybatis.spring.SqlSessionTemplate] is not eligible for getting processed by all BeanPostProcessors (for example: not eligible for auto-proxying)
2020-06-18 10:47:48 INFO  [restartedMain]  o.s.c.s.PostProcessorRegistrationDelegate$BeanPostProcessorChecker - Bean 'userMapper' of type [org.mybatis.spring.mapper.MapperFactoryBean] is not eligible for getting processed by all BeanPostProcessors (for example: not eligible for auto-proxying)
2020-06-18 10:47:48 INFO  [restartedMain]  o.s.c.s.PostProcessorRegistrationDelegate$BeanPostProcessorChecker - Bean 'userMapper' of type [com.sun.proxy.$Proxy69] is not eligible for getting processed by all BeanPostProcessors (for example: not eligible for auto-proxying)
2020-06-18 10:47:48 INFO  [restartedMain]  o.s.c.s.PostProcessorRegistrationDelegate$BeanPostProcessorChecker - Bean 'userServiceImpl' of type [com.xhb.blog.service.impl.UserServiceImpl] is not eligible for getting processed by all BeanPostProcessors (for example: not eligible for auto-proxying)
2020-06-18 10:47:48 INFO  [restartedMain]  o.s.c.s.PostProcessorRegistrationDelegate$BeanPostProcessorChecker - Bean 'permissionMapper' of type [org.mybatis.spring.mapper.MapperFactoryBean] is not eligible for getting processed by all BeanPostProcessors (for example: not eligible for auto-proxying)
2020-06-18 10:47:48 INFO  [restartedMain]  o.s.c.s.PostProcessorRegistrationDelegate$BeanPostProcessorChecker - Bean 'permissionMapper' of type [com.sun.proxy.$Proxy70] is not eligible for getting processed by all BeanPostProcessors (for example: not eligible for auto-proxying)
2020-06-18 10:47:48 INFO  [restartedMain]  o.s.c.s.PostProcessorRegistrationDelegate$BeanPostProcessorChecker - Bean 'permissionServiceImpl' of type [com.xhb.blog.service.impl.PermissionServiceImpl] is not eligible for getting processed by all BeanPostProcessors (for example: not eligible for auto-proxying)
2020-06-18 10:47:48 INFO  [restartedMain]  o.s.c.s.PostProcessorRegistrationDelegate$BeanPostProcessorChecker - Bean 'customRealm' of type [com.xhb.blog.realm.CustomRealm] is not eligible for getting processed by all BeanPostProcessors (for example: not eligible for auto-proxying)
2020-06-18 10:47:48 INFO  [restartedMain]  o.s.c.s.PostProcessorRegistrationDelegate$BeanPostProcessorChecker - Bean 'securityManager' of type [org.apache.shiro.web.mgt.DefaultWebSecurityManager] is not eligible for getting processed by all BeanPostProcessors (for example: not eligible for auto-proxying)
2020-06-18 10:47:49 INFO  [restartedMain]  o.s.b.w.e.t.TomcatWebServer - Tomcat initialized with port(s): 8080 (http)
2020-06-18 10:47:49 INFO  [restartedMain]  o.a.c.http11.Http11NioProtocol - Initializing ProtocolHandler ["http-nio-8080"]
2020-06-18 10:47:49 INFO  [restartedMain]  o.a.c.core.StandardService - Starting service [Tomcat]
2020-06-18 10:47:49 INFO  [restartedMain]  o.a.c.core.StandardEngine - Starting Servlet engine: [Apache Tomcat/9.0.35]
2020-06-18 10:47:49 INFO  [restartedMain]  o.a.c.c.C.[.[localhost].[/] - Initializing Spring embedded WebApplicationContext
2020-06-18 10:47:49 INFO  [restartedMain]  o.s.web.context.ContextLoader - Root WebApplicationContext: initialization completed in 11241 ms
2020-06-18 10:47:51 INFO  [restartedMain]  s.d.s.w.PropertySourcedRequestMappingHandlerMapping - Mapped URL path [/v2/api-docs] onto method [springfox.documentation.swagger2.web.Swagger2Controller#getDocumentation(String, HttpServletRequest)]
2020-06-18 10:47:51 INFO  [restartedMain]  o.s.s.c.ThreadPoolTaskExecutor - Initializing ExecutorService 'applicationTaskExecutor'
2020-06-18 10:47:51 INFO  [restartedMain]  o.s.b.d.a.OptionalLiveReloadServer - LiveReload server is running on port 35729
2020-06-18 10:47:51 INFO  [restartedMain]  o.s.b.a.w.s.WelcomePageHandlerMapping - Adding welcome page template: index
2020-06-18 10:47:52 INFO  [restartedMain]  o.a.c.http11.Http11NioProtocol - Starting ProtocolHandler ["http-nio-8080"]
2020-06-18 10:47:52 INFO  [restartedMain]  o.s.b.w.e.t.TomcatWebServer - Tomcat started on port(s): 8080 (http) with context path ''
2020-06-18 10:47:52 INFO  [restartedMain]  s.d.s.w.p.DocumentationPluginsBootstrapper - Context refreshed
2020-06-18 10:47:52 INFO  [restartedMain]  s.d.s.w.p.DocumentationPluginsBootstrapper - Found 1 custom documentation plugin(s)
2020-06-18 10:47:52 INFO  [restartedMain]  s.d.s.w.s.ApiListingReferenceScanner - Scanning for api listing references
2020-06-18 10:47:53 INFO  [restartedMain]  s.d.s.w.r.o.CachingOperationNameGenerator - Generating unique operation named: deleteUsingGET_1
2020-06-18 10:47:53 INFO  [restartedMain]  s.d.s.w.r.o.CachingOperationNameGenerator - Generating unique operation named: indexUsingGET_1
2020-06-18 10:47:53 INFO  [restartedMain]  s.d.s.w.r.o.CachingOperationNameGenerator - Generating unique operation named: deleteUsingGET_2
2020-06-18 10:47:53 INFO  [restartedMain]  s.d.s.w.r.o.CachingOperationNameGenerator - Generating unique operation named: indexUsingGET_2
2020-06-18 10:47:53 INFO  [restartedMain]  s.d.s.w.r.o.CachingOperationNameGenerator - Generating unique operation named: updateUsingGET_1
2020-06-18 10:47:53 INFO  [restartedMain]  s.d.s.w.r.o.CachingOperationNameGenerator - Generating unique operation named: updateUsingPOST_1
2020-06-18 10:47:53 INFO  [restartedMain]  s.d.s.w.r.o.CachingOperationNameGenerator - Generating unique operation named: indexUsingGET_3
2020-06-18 10:47:53 INFO  [restartedMain]  s.d.s.w.r.o.CachingOperationNameGenerator - Generating unique operation named: indexUsingGET_4
2020-06-18 10:47:53 INFO  [restartedMain]  com.xhb.blog.BlogApplication - Started BlogApplication in 16.871 seconds (JVM running for 21.267)
2020-06-18 10:49:16 INFO  [http-nio-8080-exec-1]  o.a.c.c.C.[.[localhost].[/] - Initializing Spring DispatcherServlet 'dispatcherServlet'
2020-06-18 10:49:16 INFO  [http-nio-8080-exec-1]  o.s.w.s.DispatcherServlet - Initializing Servlet 'dispatcherServlet'
2020-06-18 10:49:16 INFO  [http-nio-8080-exec-1]  o.s.w.s.DispatcherServlet - Completed initialization in 22 ms
2020-06-18 10:49:23 INFO  [http-nio-8080-exec-10]  c.a.druid.pool.DruidDataSource - {dataSource-1} inited
2020-06-18 10:56:50 INFO  [restartedMain]  com.xhb.blog.BlogApplication - Starting BlogApplication on LAPTOP-GSEBM096 with PID 12588 (D:\workspace\Idea-Workspace\blog\target\classes started by 14843 in D:\workspace\Idea-Workspace\blog)
2020-06-18 10:56:50 INFO  [restartedMain]  com.xhb.blog.BlogApplication - No active profile set, falling back to default profiles: default
2020-06-18 10:56:50 INFO  [restartedMain]  o.s.b.d.e.DevToolsPropertyDefaultsPostProcessor - Devtools property defaults active! Set 'spring.devtools.add-properties' to 'false' to disable
2020-06-18 10:56:50 INFO  [restartedMain]  o.s.b.d.e.DevToolsPropertyDefaultsPostProcessor - For additional web related logging consider setting the 'logging.level.web' property to 'DEBUG'
2020-06-18 10:56:55 INFO  [restartedMain]  o.s.c.s.PostProcessorRegistrationDelegate$BeanPostProcessorChecker - Bean 'shiroConfig' of type [com.xhb.blog.config.ShiroConfig$$EnhancerBySpringCGLIB$$46180571] is not eligible for getting processed by all BeanPostProcessors (for example: not eligible for auto-proxying)
2020-06-18 10:57:00 INFO  [restartedMain]  o.s.c.s.PostProcessorRegistrationDelegate$BeanPostProcessorChecker - Bean 'hashedCredentialsMatcher' of type [org.apache.shiro.authc.credential.HashedCredentialsMatcher] is not eligible for getting processed by all BeanPostProcessors (for example: not eligible for auto-proxying)
2020-06-18 10:57:01 INFO  [restartedMain]  o.s.c.s.PostProcessorRegistrationDelegate$BeanPostProcessorChecker - Bean 'mybatis-org.mybatis.spring.boot.autoconfigure.MybatisProperties' of type [org.mybatis.spring.boot.autoconfigure.MybatisProperties] is not eligible for getting processed by all BeanPostProcessors (for example: not eligible for auto-proxying)
2020-06-18 10:57:01 INFO  [restartedMain]  o.s.c.s.PostProcessorRegistrationDelegate$BeanPostProcessorChecker - Bean 'org.mybatis.spring.boot.autoconfigure.MybatisAutoConfiguration' of type [org.mybatis.spring.boot.autoconfigure.MybatisAutoConfiguration$$EnhancerBySpringCGLIB$$d7fb27d2] is not eligible for getting processed by all BeanPostProcessors (for example: not eligible for auto-proxying)
2020-06-18 10:57:01 INFO  [restartedMain]  o.s.c.s.PostProcessorRegistrationDelegate$BeanPostProcessorChecker - Bean 'blogApplication' of type [com.xhb.blog.BlogApplication$$EnhancerBySpringCGLIB$$c885c312] is not eligible for getting processed by all BeanPostProcessors (for example: not eligible for auto-proxying)
2020-06-18 10:57:01 INFO  [restartedMain]  o.s.c.s.PostProcessorRegistrationDelegate$BeanPostProcessorChecker - Bean 'druid' of type [com.alibaba.druid.pool.DruidDataSource] is not eligible for getting processed by all BeanPostProcessors (for example: not eligible for auto-proxying)
2020-06-18 10:57:01 INFO  [restartedMain]  o.s.c.s.PostProcessorRegistrationDelegate$BeanPostProcessorChecker - Bean 'spring.datasource-org.springframework.boot.autoconfigure.jdbc.DataSourceProperties' of type [org.springframework.boot.autoconfigure.jdbc.DataSourceProperties] is not eligible for getting processed by all BeanPostProcessors (for example: not eligible for auto-proxying)
2020-06-18 10:57:01 INFO  [restartedMain]  o.s.c.s.PostProcessorRegistrationDelegate$BeanPostProcessorChecker - Bean 'org.springframework.boot.autoconfigure.jdbc.DataSourceInitializerInvoker' of type [org.springframework.boot.autoconfigure.jdbc.DataSourceInitializerInvoker] is not eligible for getting processed by all BeanPostProcessors (for example: not eligible for auto-proxying)
2020-06-18 10:57:03 INFO  [restartedMain]  o.s.c.s.PostProcessorRegistrationDelegate$BeanPostProcessorChecker - Bean 'sqlSessionFactory' of type [org.apache.ibatis.session.defaults.DefaultSqlSessionFactory] is not eligible for getting processed by all BeanPostProcessors (for example: not eligible for auto-proxying)
2020-06-18 10:57:03 INFO  [restartedMain]  o.s.c.s.PostProcessorRegistrationDelegate$BeanPostProcessorChecker - Bean 'sqlSessionTemplate' of type [org.mybatis.spring.SqlSessionTemplate] is not eligible for getting processed by all BeanPostProcessors (for example: not eligible for auto-proxying)
2020-06-18 10:57:03 INFO  [restartedMain]  o.s.c.s.PostProcessorRegistrationDelegate$BeanPostProcessorChecker - Bean 'userMapper' of type [org.mybatis.spring.mapper.MapperFactoryBean] is not eligible for getting processed by all BeanPostProcessors (for example: not eligible for auto-proxying)
2020-06-18 10:57:03 INFO  [restartedMain]  o.s.c.s.PostProcessorRegistrationDelegate$BeanPostProcessorChecker - Bean 'userMapper' of type [com.sun.proxy.$Proxy69] is not eligible for getting processed by all BeanPostProcessors (for example: not eligible for auto-proxying)
2020-06-18 10:57:03 INFO  [restartedMain]  o.s.c.s.PostProcessorRegistrationDelegate$BeanPostProcessorChecker - Bean 'userServiceImpl' of type [com.xhb.blog.service.impl.UserServiceImpl] is not eligible for getting processed by all BeanPostProcessors (for example: not eligible for auto-proxying)
2020-06-18 10:57:03 INFO  [restartedMain]  o.s.c.s.PostProcessorRegistrationDelegate$BeanPostProcessorChecker - Bean 'permissionMapper' of type [org.mybatis.spring.mapper.MapperFactoryBean] is not eligible for getting processed by all BeanPostProcessors (for example: not eligible for auto-proxying)
2020-06-18 10:57:03 INFO  [restartedMain]  o.s.c.s.PostProcessorRegistrationDelegate$BeanPostProcessorChecker - Bean 'permissionMapper' of type [com.sun.proxy.$Proxy70] is not eligible for getting processed by all BeanPostProcessors (for example: not eligible for auto-proxying)
2020-06-18 10:57:03 INFO  [restartedMain]  o.s.c.s.PostProcessorRegistrationDelegate$BeanPostProcessorChecker - Bean 'permissionServiceImpl' of type [com.xhb.blog.service.impl.PermissionServiceImpl] is not eligible for getting processed by all BeanPostProcessors (for example: not eligible for auto-proxying)
2020-06-18 10:57:03 INFO  [restartedMain]  o.s.c.s.PostProcessorRegistrationDelegate$BeanPostProcessorChecker - Bean 'customRealm' of type [com.xhb.blog.realm.CustomRealm] is not eligible for getting processed by all BeanPostProcessors (for example: not eligible for auto-proxying)
2020-06-18 10:57:03 INFO  [restartedMain]  o.s.c.s.PostProcessorRegistrationDelegate$BeanPostProcessorChecker - Bean 'securityManager' of type [org.apache.shiro.web.mgt.DefaultWebSecurityManager] is not eligible for getting processed by all BeanPostProcessors (for example: not eligible for auto-proxying)
2020-06-18 10:57:04 INFO  [restartedMain]  o.s.b.w.e.t.TomcatWebServer - Tomcat initialized with port(s): 8080 (http)
2020-06-18 10:57:05 INFO  [restartedMain]  o.a.c.http11.Http11NioProtocol - Initializing ProtocolHandler ["http-nio-8080"]
2020-06-18 10:57:05 INFO  [restartedMain]  o.a.c.core.StandardService - Starting service [Tomcat]
2020-06-18 10:57:05 INFO  [restartedMain]  o.a.c.core.StandardEngine - Starting Servlet engine: [Apache Tomcat/9.0.35]
2020-06-18 10:57:05 INFO  [restartedMain]  o.a.c.c.C.[.[localhost].[/] - Initializing Spring embedded WebApplicationContext
2020-06-18 10:57:05 INFO  [restartedMain]  o.s.web.context.ContextLoader - Root WebApplicationContext: initialization completed in 14642 ms
2020-06-18 10:57:09 INFO  [restartedMain]  s.d.s.w.PropertySourcedRequestMappingHandlerMapping - Mapped URL path [/v2/api-docs] onto method [springfox.documentation.swagger2.web.Swagger2Controller#getDocumentation(String, HttpServletRequest)]
2020-06-18 10:57:09 INFO  [restartedMain]  o.s.s.c.ThreadPoolTaskExecutor - Initializing ExecutorService 'applicationTaskExecutor'
2020-06-18 10:57:09 INFO  [restartedMain]  o.s.b.d.a.OptionalLiveReloadServer - LiveReload server is running on port 35729
2020-06-18 10:57:09 INFO  [restartedMain]  o.s.b.a.w.s.WelcomePageHandlerMapping - Adding welcome page template: index
2020-06-18 10:57:10 INFO  [restartedMain]  o.a.c.http11.Http11NioProtocol - Starting ProtocolHandler ["http-nio-8080"]
2020-06-18 10:57:10 INFO  [restartedMain]  o.s.b.w.e.t.TomcatWebServer - Tomcat started on port(s): 8080 (http) with context path ''
2020-06-18 10:57:10 INFO  [restartedMain]  s.d.s.w.p.DocumentationPluginsBootstrapper - Context refreshed
2020-06-18 10:57:10 INFO  [restartedMain]  s.d.s.w.p.DocumentationPluginsBootstrapper - Found 1 custom documentation plugin(s)
2020-06-18 10:57:10 INFO  [restartedMain]  s.d.s.w.s.ApiListingReferenceScanner - Scanning for api listing references
2020-06-18 10:57:11 INFO  [restartedMain]  s.d.s.w.r.o.CachingOperationNameGenerator - Generating unique operation named: deleteUsingGET_1
2020-06-18 10:57:11 INFO  [restartedMain]  s.d.s.w.r.o.CachingOperationNameGenerator - Generating unique operation named: indexUsingGET_1
2020-06-18 10:57:11 INFO  [restartedMain]  s.d.s.w.r.o.CachingOperationNameGenerator - Generating unique operation named: deleteUsingGET_2
2020-06-18 10:57:11 INFO  [restartedMain]  s.d.s.w.r.o.CachingOperationNameGenerator - Generating unique operation named: indexUsingGET_2
2020-06-18 10:57:11 INFO  [restartedMain]  s.d.s.w.r.o.CachingOperationNameGenerator - Generating unique operation named: updateUsingGET_1
2020-06-18 10:57:11 INFO  [restartedMain]  s.d.s.w.r.o.CachingOperationNameGenerator - Generating unique operation named: updateUsingPOST_1
2020-06-18 10:57:11 INFO  [restartedMain]  s.d.s.w.r.o.CachingOperationNameGenerator - Generating unique operation named: indexUsingGET_3
2020-06-18 10:57:11 INFO  [restartedMain]  s.d.s.w.r.o.CachingOperationNameGenerator - Generating unique operation named: indexUsingGET_4
2020-06-18 10:57:12 INFO  [restartedMain]  com.xhb.blog.BlogApplication - Started BlogApplication in 23.753 seconds (JVM running for 27.892)
2020-06-18 11:01:23 INFO  [restartedMain]  com.xhb.blog.BlogApplication - Starting BlogApplication on LAPTOP-GSEBM096 with PID 12968 (D:\workspace\Idea-Workspace\blog\target\classes started by 14843 in D:\workspace\Idea-Workspace\blog)
2020-06-18 11:01:23 INFO  [restartedMain]  com.xhb.blog.BlogApplication - No active profile set, falling back to default profiles: default
2020-06-18 11:01:23 INFO  [restartedMain]  o.s.b.d.e.DevToolsPropertyDefaultsPostProcessor - Devtools property defaults active! Set 'spring.devtools.add-properties' to 'false' to disable
2020-06-18 11:01:23 INFO  [restartedMain]  o.s.b.d.e.DevToolsPropertyDefaultsPostProcessor - For additional web related logging consider setting the 'logging.level.web' property to 'DEBUG'
2020-06-18 11:01:29 INFO  [restartedMain]  o.s.c.s.PostProcessorRegistrationDelegate$BeanPostProcessorChecker - Bean 'shiroConfig' of type [com.xhb.blog.config.ShiroConfig$$EnhancerBySpringCGLIB$$af151fcd] is not eligible for getting processed by all BeanPostProcessors (for example: not eligible for auto-proxying)
2020-06-18 11:01:32 INFO  [restartedMain]  o.s.c.s.PostProcessorRegistrationDelegate$BeanPostProcessorChecker - Bean 'hashedCredentialsMatcher' of type [org.apache.shiro.authc.credential.HashedCredentialsMatcher] is not eligible for getting processed by all BeanPostProcessors (for example: not eligible for auto-proxying)
2020-06-18 11:01:32 INFO  [restartedMain]  o.s.c.s.PostProcessorRegistrationDelegate$BeanPostProcessorChecker - Bean 'mybatis-org.mybatis.spring.boot.autoconfigure.MybatisProperties' of type [org.mybatis.spring.boot.autoconfigure.MybatisProperties] is not eligible for getting processed by all BeanPostProcessors (for example: not eligible for auto-proxying)
2020-06-18 11:01:32 INFO  [restartedMain]  o.s.c.s.PostProcessorRegistrationDelegate$BeanPostProcessorChecker - Bean 'org.mybatis.spring.boot.autoconfigure.MybatisAutoConfiguration' of type [org.mybatis.spring.boot.autoconfigure.MybatisAutoConfiguration$$EnhancerBySpringCGLIB$$40f8422e] is not eligible for getting processed by all BeanPostProcessors (for example: not eligible for auto-proxying)
2020-06-18 11:01:32 INFO  [restartedMain]  o.s.c.s.PostProcessorRegistrationDelegate$BeanPostProcessorChecker - Bean 'blogApplication' of type [com.xhb.blog.BlogApplication$$EnhancerBySpringCGLIB$$3182dd6e] is not eligible for getting processed by all BeanPostProcessors (for example: not eligible for auto-proxying)
2020-06-18 11:01:32 INFO  [restartedMain]  o.s.c.s.PostProcessorRegistrationDelegate$BeanPostProcessorChecker - Bean 'druid' of type [com.alibaba.druid.pool.DruidDataSource] is not eligible for getting processed by all BeanPostProcessors (for example: not eligible for auto-proxying)
2020-06-18 11:01:32 INFO  [restartedMain]  o.s.c.s.PostProcessorRegistrationDelegate$BeanPostProcessorChecker - Bean 'spring.datasource-org.springframework.boot.autoconfigure.jdbc.DataSourceProperties' of type [org.springframework.boot.autoconfigure.jdbc.DataSourceProperties] is not eligible for getting processed by all BeanPostProcessors (for example: not eligible for auto-proxying)
2020-06-18 11:01:32 INFO  [restartedMain]  o.s.c.s.PostProcessorRegistrationDelegate$BeanPostProcessorChecker - Bean 'org.springframework.boot.autoconfigure.jdbc.DataSourceInitializerInvoker' of type [org.springframework.boot.autoconfigure.jdbc.DataSourceInitializerInvoker] is not eligible for getting processed by all BeanPostProcessors (for example: not eligible for auto-proxying)
2020-06-18 11:01:33 INFO  [restartedMain]  o.s.c.s.PostProcessorRegistrationDelegate$BeanPostProcessorChecker - Bean 'sqlSessionFactory' of type [org.apache.ibatis.session.defaults.DefaultSqlSessionFactory] is not eligible for getting processed by all BeanPostProcessors (for example: not eligible for auto-proxying)
2020-06-18 11:01:33 INFO  [restartedMain]  o.s.c.s.PostProcessorRegistrationDelegate$BeanPostProcessorChecker - Bean 'sqlSessionTemplate' of type [org.mybatis.spring.SqlSessionTemplate] is not eligible for getting processed by all BeanPostProcessors (for example: not eligible for auto-proxying)
2020-06-18 11:01:33 INFO  [restartedMain]  o.s.c.s.PostProcessorRegistrationDelegate$BeanPostProcessorChecker - Bean 'userMapper' of type [org.mybatis.spring.mapper.MapperFactoryBean] is not eligible for getting processed by all BeanPostProcessors (for example: not eligible for auto-proxying)
2020-06-18 11:01:33 INFO  [restartedMain]  o.s.c.s.PostProcessorRegistrationDelegate$BeanPostProcessorChecker - Bean 'userMapper' of type [com.sun.proxy.$Proxy69] is not eligible for getting processed by all BeanPostProcessors (for example: not eligible for auto-proxying)
2020-06-18 11:01:33 INFO  [restartedMain]  o.s.c.s.PostProcessorRegistrationDelegate$BeanPostProcessorChecker - Bean 'userServiceImpl' of type [com.xhb.blog.service.impl.UserServiceImpl] is not eligible for getting processed by all BeanPostProcessors (for example: not eligible for auto-proxying)
2020-06-18 11:01:33 INFO  [restartedMain]  o.s.c.s.PostProcessorRegistrationDelegate$BeanPostProcessorChecker - Bean 'permissionMapper' of type [org.mybatis.spring.mapper.MapperFactoryBean] is not eligible for getting processed by all BeanPostProcessors (for example: not eligible for auto-proxying)
2020-06-18 11:01:33 INFO  [restartedMain]  o.s.c.s.PostProcessorRegistrationDelegate$BeanPostProcessorChecker - Bean 'permissionMapper' of type [com.sun.proxy.$Proxy70] is not eligible for getting processed by all BeanPostProcessors (for example: not eligible for auto-proxying)
2020-06-18 11:01:33 INFO  [restartedMain]  o.s.c.s.PostProcessorRegistrationDelegate$BeanPostProcessorChecker - Bean 'permissionServiceImpl' of type [com.xhb.blog.service.impl.PermissionServiceImpl] is not eligible for getting processed by all BeanPostProcessors (for example: not eligible for auto-proxying)
2020-06-18 11:01:33 INFO  [restartedMain]  o.s.c.s.PostProcessorRegistrationDelegate$BeanPostProcessorChecker - Bean 'customRealm' of type [com.xhb.blog.realm.CustomRealm] is not eligible for getting processed by all BeanPostProcessors (for example: not eligible for auto-proxying)
2020-06-18 11:01:33 INFO  [restartedMain]  o.s.c.s.PostProcessorRegistrationDelegate$BeanPostProcessorChecker - Bean 'securityManager' of type [org.apache.shiro.web.mgt.DefaultWebSecurityManager] is not eligible for getting processed by all BeanPostProcessors (for example: not eligible for auto-proxying)
2020-06-18 11:01:34 INFO  [restartedMain]  o.s.b.w.e.t.TomcatWebServer - Tomcat initialized with port(s): 8080 (http)
2020-06-18 11:01:34 INFO  [restartedMain]  o.a.c.http11.Http11NioProtocol - Initializing ProtocolHandler ["http-nio-8080"]
2020-06-18 11:01:34 INFO  [restartedMain]  o.a.c.core.StandardService - Starting service [Tomcat]
2020-06-18 11:01:34 INFO  [restartedMain]  o.a.c.core.StandardEngine - Starting Servlet engine: [Apache Tomcat/9.0.35]
2020-06-18 11:01:35 INFO  [restartedMain]  o.a.c.c.C.[.[localhost].[/] - Initializing Spring embedded WebApplicationContext
2020-06-18 11:01:35 INFO  [restartedMain]  o.s.web.context.ContextLoader - Root WebApplicationContext: initialization completed in 11497 ms
2020-06-18 11:01:37 INFO  [restartedMain]  s.d.s.w.PropertySourcedRequestMappingHandlerMapping - Mapped URL path [/v2/api-docs] onto method [springfox.documentation.swagger2.web.Swagger2Controller#getDocumentation(String, HttpServletRequest)]
2020-06-18 11:01:37 INFO  [restartedMain]  o.s.s.c.ThreadPoolTaskExecutor - Initializing ExecutorService 'applicationTaskExecutor'
2020-06-18 11:01:37 INFO  [restartedMain]  o.s.b.d.a.OptionalLiveReloadServer - LiveReload server is running on port 35729
2020-06-18 11:01:37 INFO  [restartedMain]  o.s.b.a.w.s.WelcomePageHandlerMapping - Adding welcome page template: index
2020-06-18 11:01:38 INFO  [restartedMain]  o.a.c.http11.Http11NioProtocol - Starting ProtocolHandler ["http-nio-8080"]
2020-06-18 11:01:38 INFO  [restartedMain]  o.s.b.w.e.t.TomcatWebServer - Tomcat started on port(s): 8080 (http) with context path ''
2020-06-18 11:01:38 INFO  [restartedMain]  s.d.s.w.p.DocumentationPluginsBootstrapper - Context refreshed
2020-06-18 11:01:38 INFO  [restartedMain]  s.d.s.w.p.DocumentationPluginsBootstrapper - Found 1 custom documentation plugin(s)
2020-06-18 11:01:38 INFO  [restartedMain]  s.d.s.w.s.ApiListingReferenceScanner - Scanning for api listing references
2020-06-18 11:01:39 INFO  [restartedMain]  s.d.s.w.r.o.CachingOperationNameGenerator - Generating unique operation named: deleteUsingGET_1
2020-06-18 11:01:39 INFO  [restartedMain]  s.d.s.w.r.o.CachingOperationNameGenerator - Generating unique operation named: indexUsingGET_1
2020-06-18 11:01:39 INFO  [restartedMain]  s.d.s.w.r.o.CachingOperationNameGenerator - Generating unique operation named: deleteUsingGET_2
2020-06-18 11:01:39 INFO  [restartedMain]  s.d.s.w.r.o.CachingOperationNameGenerator - Generating unique operation named: indexUsingGET_2
2020-06-18 11:01:39 INFO  [restartedMain]  s.d.s.w.r.o.CachingOperationNameGenerator - Generating unique operation named: updateUsingGET_1
2020-06-18 11:01:39 INFO  [restartedMain]  s.d.s.w.r.o.CachingOperationNameGenerator - Generating unique operation named: updateUsingPOST_1
2020-06-18 11:01:39 INFO  [restartedMain]  s.d.s.w.r.o.CachingOperationNameGenerator - Generating unique operation named: indexUsingGET_3
2020-06-18 11:01:39 INFO  [restartedMain]  s.d.s.w.r.o.CachingOperationNameGenerator - Generating unique operation named: indexUsingGET_4
2020-06-18 11:01:39 INFO  [restartedMain]  com.xhb.blog.BlogApplication - Started BlogApplication in 17.857 seconds (JVM running for 22.005)
2020-06-18 11:01:58 INFO  [http-nio-8080-exec-1]  o.a.c.c.C.[.[localhost].[/] - Initializing Spring DispatcherServlet 'dispatcherServlet'
2020-06-18 11:01:58 INFO  [http-nio-8080-exec-1]  o.s.w.s.DispatcherServlet - Initializing Servlet 'dispatcherServlet'
2020-06-18 11:01:58 INFO  [http-nio-8080-exec-1]  o.s.w.s.DispatcherServlet - Completed initialization in 26 ms
2020-06-18 11:01:59 INFO  [http-nio-8080-exec-1]  c.x.b.c.LoginController - login
